<?xml version="1.0" encoding="UTF-8"?>
<Site BuildName="(empty)"
	BuildStamp="20220107-1753-Experimental"
	Name="(empty)"
	Generator="ctest-3.22.1"
	CompilerName=""
	CompilerVersion=""
	OSName="Windows"
	Hostname="PE063126"
	OSRelease=" Professional"
	OSVersion=" (Build 19043)"
	OSPlatform="AMD64"
	Is64Bits="1"
	VendorString="GenuineIntel"
	VendorID="Intel Corporation"
	FamilyID="6"
	ModelID="12"
	ProcessorCacheSize="-1"
	NumberOfLogicalCPU="8"
	NumberOfPhysicalCPU="4"
	TotalVirtualMemory="18554"
	TotalPhysicalMemory="16122"
	LogicalProcessorsPerPhysical="2"
	ProcessorClockFrequency="1382"
	>
	<Testing>
		<StartDateTime>Jan 07 19:16 Paris, Madrid</StartDateTime>
		<StartTestTime>1641579367</StartTestTime>
		<TestList/>
		<EndDateTime>Jan 07 19:16 Paris, Madrid</EndDateTime>
		<EndTestTime>1641579367</EndTestTime>
		<ElapsedMinutes>0</ElapsedMinutes>
	</Testing>
</Site>
